<?xml version="1.0" encoding="UTF-8"?>
<testsuite xmlns:xsi="http://www.w3.org/2001/XMLSchema-instance" xsi:noNamespaceSchemaLocation="https://maven.apache.org/surefire/maven-surefire-plugin/xsd/surefire-test-report.xsd" name="com.siki.springboot.SpringBoot02HelloworldQuickApplicationTests" time="1.815" tests="1" errors="0" skipped="0" failures="0">
  <properties>
    <property name="sun.desktop" value="windows"/>
    <property name="awt.toolkit" value="sun.awt.windows.WToolkit"/>
    <property name="file.encoding.pkg" value="sun.io"/>
    <property name="java.specification.version" value="1.8"/>
    <property name="sun.cpu.isalist" value="amd64"/>
    <property name="sun.jnu.encoding" value="GBK"/>
    <property name="java.class.path" value="E:\SpringBootDemo\spring-boot-02-helloworld-quick\target\test-classes;E:\SpringBootDemo\spring-boot-02-helloworld-quick\target\classes;D:\1-maven_reposi\org\springframework\boot\spring-boot-starter-web\2.1.7.RELEASE\spring-boot-starter-web-2.1.7.RELEASE.jar;D:\1-maven_reposi\org\springframework\boot\spring-boot-starter\2.1.7.RELEASE\spring-boot-starter-2.1.7.RELEASE.jar;D:\1-maven_reposi\org\springframework\boot\spring-boot\2.1.7.RELEASE\spring-boot-2.1.7.RELEASE.jar;D:\1-maven_reposi\org\springframework\boot\spring-boot-autoconfigure\2.1.7.RELEASE\spring-boot-autoconfigure-2.1.7.RELEASE.jar;D:\1-maven_reposi\org\springframework\boot\spring-boot-starter-logging\2.1.7.RELEASE\spring-boot-starter-logging-2.1.7.RELEASE.jar;D:\1-maven_reposi\ch\qos\logback\logback-classic\1.2.3\logback-classic-1.2.3.jar;D:\1-maven_reposi\ch\qos\logback\logback-core\1.2.3\logback-core-1.2.3.jar;D:\1-maven_reposi\org\apache\logging\log4j\log4j-to-slf4j\2.11.2\log4j-to-slf4j-2.11.2.jar;D:\1-maven_reposi\org\apache\logging\log4j\log4j-api\2.11.2\log4j-api-2.11.2.jar;D:\1-maven_reposi\org\slf4j\jul-to-slf4j\1.7.26\jul-to-slf4j-1.7.26.jar;D:\1-maven_reposi\javax\annotation\javax.annotation-api\1.3.2\javax.annotation-api-1.3.2.jar;D:\1-maven_reposi\org\yaml\snakeyaml\1.23\snakeyaml-1.23.jar;D:\1-maven_reposi\org\springframework\boot\spring-boot-starter-json\2.1.7.RELEASE\spring-boot-starter-json-2.1.7.RELEASE.jar;D:\1-maven_reposi\com\fasterxml\jackson\core\jackson-databind\2.9.9\jackson-databind-2.9.9.jar;D:\1-maven_reposi\com\fasterxml\jackson\core\jackson-annotations\2.9.0\jackson-annotations-2.9.0.jar;D:\1-maven_reposi\com\fasterxml\jackson\core\jackson-core\2.9.9\jackson-core-2.9.9.jar;D:\1-maven_reposi\com\fasterxml\jackson\datatype\jackson-datatype-jdk8\2.9.9\jackson-datatype-jdk8-2.9.9.jar;D:\1-maven_reposi\com\fasterxml\jackson\datatype\jackson-datatype-jsr310\2.9.9\jackson-datatype-jsr310-2.9.9.jar;D:\1-maven_reposi\com\fasterxml\jackson\module\jackson-module-parameter-names\2.9.9\jackson-module-parameter-names-2.9.9.jar;D:\1-maven_reposi\org\springframework\boot\spring-boot-starter-tomcat\2.1.7.RELEASE\spring-boot-starter-tomcat-2.1.7.RELEASE.jar;D:\1-maven_reposi\org\apache\tomcat\embed\tomcat-embed-core\9.0.22\tomcat-embed-core-9.0.22.jar;D:\1-maven_reposi\org\apache\tomcat\embed\tomcat-embed-el\9.0.22\tomcat-embed-el-9.0.22.jar;D:\1-maven_reposi\org\apache\tomcat\embed\tomcat-embed-websocket\9.0.22\tomcat-embed-websocket-9.0.22.jar;D:\1-maven_reposi\org\hibernate\validator\hibernate-validator\6.0.17.Final\hibernate-validator-6.0.17.Final.jar;D:\1-maven_reposi\javax\validation\validation-api\2.0.1.Final\validation-api-2.0.1.Final.jar;D:\1-maven_reposi\org\jboss\logging\jboss-logging\3.3.2.Final\jboss-logging-3.3.2.Final.jar;D:\1-maven_reposi\com\fasterxml\classmate\1.4.0\classmate-1.4.0.jar;D:\1-maven_reposi\org\springframework\spring-web\5.1.9.RELEASE\spring-web-5.1.9.RELEASE.jar;D:\1-maven_reposi\org\springframework\spring-beans\5.1.9.RELEASE\spring-beans-5.1.9.RELEASE.jar;D:\1-maven_reposi\org\springframework\spring-webmvc\5.1.9.RELEASE\spring-webmvc-5.1.9.RELEASE.jar;D:\1-maven_reposi\org\springframework\spring-aop\5.1.9.RELEASE\spring-aop-5.1.9.RELEASE.jar;D:\1-maven_reposi\org\springframework\spring-context\5.1.9.RELEASE\spring-context-5.1.9.RELEASE.jar;D:\1-maven_reposi\org\springframework\spring-expression\5.1.9.RELEASE\spring-expression-5.1.9.RELEASE.jar;D:\1-maven_reposi\org\springframework\boot\spring-boot-starter-test\2.1.7.RELEASE\spring-boot-starter-test-2.1.7.RELEASE.jar;D:\1-maven_reposi\org\springframework\boot\spring-boot-test\2.1.7.RELEASE\spring-boot-test-2.1.7.RELEASE.jar;D:\1-maven_reposi\org\springframework\boot\spring-boot-test-autoconfigure\2.1.7.RELEASE\spring-boot-test-autoconfigure-2.1.7.RELEASE.jar;D:\1-maven_reposi\com\jayway\jsonpath\json-path\2.4.0\json-path-2.4.0.jar;D:\1-maven_reposi\net\minidev\json-smart\2.3\json-smart-2.3.jar;D:\1-maven_reposi\net\minidev\accessors-smart\1.2\accessors-smart-1.2.jar;D:\1-maven_reposi\org\ow2\asm\asm\5.0.4\asm-5.0.4.jar;D:\1-maven_reposi\org\slf4j\slf4j-api\1.7.26\slf4j-api-1.7.26.jar;D:\1-maven_reposi\junit\junit\4.12\junit-4.12.jar;D:\1-maven_reposi\org\assertj\assertj-core\3.11.1\assertj-core-3.11.1.jar;D:\1-maven_reposi\org\mockito\mockito-core\2.23.4\mockito-core-2.23.4.jar;D:\1-maven_reposi\net\bytebuddy\byte-buddy\1.9.16\byte-buddy-1.9.16.jar;D:\1-maven_reposi\net\bytebuddy\byte-buddy-agent\1.9.16\byte-buddy-agent-1.9.16.jar;D:\1-maven_reposi\org\objenesis\objenesis\2.6\objenesis-2.6.jar;D:\1-maven_reposi\org\hamcrest\hamcrest-core\1.3\hamcrest-core-1.3.jar;D:\1-maven_reposi\org\hamcrest\hamcrest-library\1.3\hamcrest-library-1.3.jar;D:\1-maven_reposi\org\skyscreamer\jsonassert\1.5.0\jsonassert-1.5.0.jar;D:\1-maven_reposi\com\vaadin\external\google\android-json\0.0.20131108.vaadin1\android-json-0.0.20131108.vaadin1.jar;D:\1-maven_reposi\org\springframework\spring-core\5.1.9.RELEASE\spring-core-5.1.9.RELEASE.jar;D:\1-maven_reposi\org\springframework\spring-jcl\5.1.9.RELEASE\spring-jcl-5.1.9.RELEASE.jar;D:\1-maven_reposi\org\springframework\spring-test\5.1.9.RELEASE\spring-test-5.1.9.RELEASE.jar;D:\1-maven_reposi\org\xmlunit\xmlunit-core\2.6.3\xmlunit-core-2.6.3.jar;"/>
    <property name="java.vm.vendor" value="Oracle Corporation"/>
    <property name="sun.arch.data.model" value="64"/>
    <property name="user.variant" value=""/>
    <property name="java.vendor.url" value="http://java.oracle.com/"/>
    <property name="user.timezone" value="Asia/Shanghai"/>
    <property name="java.vm.specification.version" value="1.8"/>
    <property name="os.name" value="Windows 10"/>
    <property name="user.country" value="CN"/>
    <property name="sun.java.launcher" value="SUN_STANDARD"/>
    <property name="sun.boot.library.path" value="C:\Program Files\Java\jdk1.8.0_191\jre\bin"/>
    <property name="sun.java.command" value="C:\Users\Summerki\AppData\Local\Temp\surefire7030042345427277887\surefirebooter2255827291998901964.jar C:\Users\Summerki\AppData\Local\Temp\surefire7030042345427277887 2019-08-20T21-25-31_542-jvmRun1 surefire5187359596916171689tmp surefire_06147960755191170901tmp"/>
    <property name="surefire.test.class.path" value="E:\SpringBootDemo\spring-boot-02-helloworld-quick\target\test-classes;E:\SpringBootDemo\spring-boot-02-helloworld-quick\target\classes;D:\1-maven_reposi\org\springframework\boot\spring-boot-starter-web\2.1.7.RELEASE\spring-boot-starter-web-2.1.7.RELEASE.jar;D:\1-maven_reposi\org\springframework\boot\spring-boot-starter\2.1.7.RELEASE\spring-boot-starter-2.1.7.RELEASE.jar;D:\1-maven_reposi\org\springframework\boot\spring-boot\2.1.7.RELEASE\spring-boot-2.1.7.RELEASE.jar;D:\1-maven_reposi\org\springframework\boot\spring-boot-autoconfigure\2.1.7.RELEASE\spring-boot-autoconfigure-2.1.7.RELEASE.jar;D:\1-maven_reposi\org\springframework\boot\spring-boot-starter-logging\2.1.7.RELEASE\spring-boot-starter-logging-2.1.7.RELEASE.jar;D:\1-maven_reposi\ch\qos\logback\logback-classic\1.2.3\logback-classic-1.2.3.jar;D:\1-maven_reposi\ch\qos\logback\logback-core\1.2.3\logback-core-1.2.3.jar;D:\1-maven_reposi\org\apache\logging\log4j\log4j-to-slf4j\2.11.2\log4j-to-slf4j-2.11.2.jar;D:\1-maven_reposi\org\apache\logging\log4j\log4j-api\2.11.2\log4j-api-2.11.2.jar;D:\1-maven_reposi\org\slf4j\jul-to-slf4j\1.7.26\jul-to-slf4j-1.7.26.jar;D:\1-maven_reposi\javax\annotation\javax.annotation-api\1.3.2\javax.annotation-api-1.3.2.jar;D:\1-maven_reposi\org\yaml\snakeyaml\1.23\snakeyaml-1.23.jar;D:\1-maven_reposi\org\springframework\boot\spring-boot-starter-json\2.1.7.RELEASE\spring-boot-starter-json-2.1.7.RELEASE.jar;D:\1-maven_reposi\com\fasterxml\jackson\core\jackson-databind\2.9.9\jackson-databind-2.9.9.jar;D:\1-maven_reposi\com\fasterxml\jackson\core\jackson-annotations\2.9.0\jackson-annotations-2.9.0.jar;D:\1-maven_reposi\com\fasterxml\jackson\core\jackson-core\2.9.9\jackson-core-2.9.9.jar;D:\1-maven_reposi\com\fasterxml\jackson\datatype\jackson-datatype-jdk8\2.9.9\jackson-datatype-jdk8-2.9.9.jar;D:\1-maven_reposi\com\fasterxml\jackson\datatype\jackson-datatype-jsr310\2.9.9\jackson-datatype-jsr310-2.9.9.jar;D:\1-maven_reposi\com\fasterxml\jackson\module\jackson-module-parameter-names\2.9.9\jackson-module-parameter-names-2.9.9.jar;D:\1-maven_reposi\org\springframework\boot\spring-boot-starter-tomcat\2.1.7.RELEASE\spring-boot-starter-tomcat-2.1.7.RELEASE.jar;D:\1-maven_reposi\org\apache\tomcat\embed\tomcat-embed-core\9.0.22\tomcat-embed-core-9.0.22.jar;D:\1-maven_reposi\org\apache\tomcat\embed\tomcat-embed-el\9.0.22\tomcat-embed-el-9.0.22.jar;D:\1-maven_reposi\org\apache\tomcat\embed\tomcat-embed-websocket\9.0.22\tomcat-embed-websocket-9.0.22.jar;D:\1-maven_reposi\org\hibernate\validator\hibernate-validator\6.0.17.Final\hibernate-validator-6.0.17.Final.jar;D:\1-maven_reposi\javax\validation\validation-api\2.0.1.Final\validation-api-2.0.1.Final.jar;D:\1-maven_reposi\org\jboss\logging\jboss-logging\3.3.2.Final\jboss-logging-3.3.2.Final.jar;D:\1-maven_reposi\com\fasterxml\classmate\1.4.0\classmate-1.4.0.jar;D:\1-maven_reposi\org\springframework\spring-web\5.1.9.RELEASE\spring-web-5.1.9.RELEASE.jar;D:\1-maven_reposi\org\springframework\spring-beans\5.1.9.RELEASE\spring-beans-5.1.9.RELEASE.jar;D:\1-maven_reposi\org\springframework\spring-webmvc\5.1.9.RELEASE\spring-webmvc-5.1.9.RELEASE.jar;D:\1-maven_reposi\org\springframework\spring-aop\5.1.9.RELEASE\spring-aop-5.1.9.RELEASE.jar;D:\1-maven_reposi\org\springframework\spring-context\5.1.9.RELEASE\spring-context-5.1.9.RELEASE.jar;D:\1-maven_reposi\org\springframework\spring-expression\5.1.9.RELEASE\spring-expression-5.1.9.RELEASE.jar;D:\1-maven_reposi\org\springframework\boot\spring-boot-starter-test\2.1.7.RELEASE\spring-boot-starter-test-2.1.7.RELEASE.jar;D:\1-maven_reposi\org\springframework\boot\spring-boot-test\2.1.7.RELEASE\spring-boot-test-2.1.7.RELEASE.jar;D:\1-maven_reposi\org\springframework\boot\spring-boot-test-autoconfigure\2.1.7.RELEASE\spring-boot-test-autoconfigure-2.1.7.RELEASE.jar;D:\1-maven_reposi\com\jayway\jsonpath\json-path\2.4.0\json-path-2.4.0.jar;D:\1-maven_reposi\net\minidev\json-smart\2.3\json-smart-2.3.jar;D:\1-maven_reposi\net\minidev\accessors-smart\1.2\accessors-smart-1.2.jar;D:\1-maven_reposi\org\ow2\asm\asm\5.0.4\asm-5.0.4.jar;D:\1-maven_reposi\org\slf4j\slf4j-api\1.7.26\slf4j-api-1.7.26.jar;D:\1-maven_reposi\junit\junit\4.12\junit-4.12.jar;D:\1-maven_reposi\org\assertj\assertj-core\3.11.1\assertj-core-3.11.1.jar;D:\1-maven_reposi\org\mockito\mockito-core\2.23.4\mockito-core-2.23.4.jar;D:\1-maven_reposi\net\bytebuddy\byte-buddy\1.9.16\byte-buddy-1.9.16.jar;D:\1-maven_reposi\net\bytebuddy\byte-buddy-agent\1.9.16\byte-buddy-agent-1.9.16.jar;D:\1-maven_reposi\org\objenesis\objenesis\2.6\objenesis-2.6.jar;D:\1-maven_reposi\org\hamcrest\hamcrest-core\1.3\hamcrest-core-1.3.jar;D:\1-maven_reposi\org\hamcrest\hamcrest-library\1.3\hamcrest-library-1.3.jar;D:\1-maven_reposi\org\skyscreamer\jsonassert\1.5.0\jsonassert-1.5.0.jar;D:\1-maven_reposi\com\vaadin\external\google\android-json\0.0.20131108.vaadin1\android-json-0.0.20131108.vaadin1.jar;D:\1-maven_reposi\org\springframework\spring-core\5.1.9.RELEASE\spring-core-5.1.9.RELEASE.jar;D:\1-maven_reposi\org\springframework\spring-jcl\5.1.9.RELEASE\spring-jcl-5.1.9.RELEASE.jar;D:\1-maven_reposi\org\springframework\spring-test\5.1.9.RELEASE\spring-test-5.1.9.RELEASE.jar;D:\1-maven_reposi\org\xmlunit\xmlunit-core\2.6.3\xmlunit-core-2.6.3.jar;"/>
    <property name="sun.cpu.endian" value="little"/>
    <property name="user.home" value="C:\Users\Summerki"/>
    <property name="user.language" value="zh"/>
    <property name="java.specification.vendor" value="Oracle Corporation"/>
    <property name="java.home" value="C:\Program Files\Java\jdk1.8.0_191\jre"/>
    <property name="basedir" value="E:\SpringBootDemo\spring-boot-02-helloworld-quick"/>
    <property name="file.separator" value="\"/>
    <property name="line.separator" value="&#10;"/>
    <property name="java.vm.specification.vendor" value="Oracle Corporation"/>
    <property name="java.specification.name" value="Java Platform API Specification"/>
    <property name="java.awt.graphicsenv" value="sun.awt.Win32GraphicsEnvironment"/>
    <property name="surefire.real.class.path" value="C:\Users\Summerki\AppData\Local\Temp\surefire7030042345427277887\surefirebooter2255827291998901964.jar"/>
    <property name="sun.boot.class.path" value="C:\Program Files\Java\jdk1.8.0_191\jre\lib\resources.jar;C:\Program Files\Java\jdk1.8.0_191\jre\lib\rt.jar;C:\Program Files\Java\jdk1.8.0_191\jre\lib\sunrsasign.jar;C:\Program Files\Java\jdk1.8.0_191\jre\lib\jsse.jar;C:\Program Files\Java\jdk1.8.0_191\jre\lib\jce.jar;C:\Program Files\Java\jdk1.8.0_191\jre\lib\charsets.jar;C:\Program Files\Java\jdk1.8.0_191\jre\lib\jfr.jar;C:\Program Files\Java\jdk1.8.0_191\jre\classes"/>
    <property name="user.script" value=""/>
    <property name="sun.management.compiler" value="HotSpot 64-Bit Tiered Compilers"/>
    <property name="java.runtime.version" value="1.8.0_191-b12"/>
    <property name="user.name" value="Summerki"/>
    <property name="path.separator" value=";"/>
    <property name="os.version" value="10.0"/>
    <property name="java.endorsed.dirs" value="C:\Program Files\Java\jdk1.8.0_191\jre\lib\endorsed"/>
    <property name="java.runtime.name" value="Java(TM) SE Runtime Environment"/>
    <property name="file.encoding" value="GBK"/>
    <property name="java.vm.name" value="Java HotSpot(TM) 64-Bit Server VM"/>
    <property name="localRepository" value="D:\1-maven_reposi"/>
    <property name="java.vendor.url.bug" value="http://bugreport.sun.com/bugreport/"/>
    <property name="java.io.tmpdir" value="C:\Users\Summerki\AppData\Local\Temp\"/>
    <property name="idea.version" value="2018.3.1"/>
    <property name="java.version" value="1.8.0_191"/>
    <property name="user.dir" value="E:\SpringBootDemo\spring-boot-02-helloworld-quick"/>
    <property name="os.arch" value="amd64"/>
    <property name="java.vm.specification.name" value="Java Virtual Machine Specification"/>
    <property name="java.awt.printerjob" value="sun.awt.windows.WPrinterJob"/>
    <property name="sun.os.patch.level" value=""/>
    <property name="java.library.path" value="C:\Program Files\Java\jdk1.8.0_191\jre\bin;C:\Windows\Sun\Java\bin;C:\Windows\system32;C:\Windows;C:\Program Files\NVIDIA GPU Computing Toolkit\CUDA\v10.0\bin;C:\Program Files\NVIDIA GPU Computing Toolkit\CUDA\v10.0\libnvvp;D:\1-Xshell\Xshell\;C:\Program Files (x86)\Common Files\Oracle\Java\javapath;D:\1-Anaconda\AnacondaInstall;D:\1-Anaconda\AnacondaInstall\Library\mingw-w64\bin;D:\1-Anaconda\AnacondaInstall\Library\usr\bin;D:\1-Anaconda\AnacondaInstall\Library\bin;D:\1-Anaconda\AnacondaInstall\Scripts;C:\Windows\system32;C:\Windows;C:\Windows\System32\Wbem;C:\Windows\System32\WindowsPowerShell\v1.0\;C:\Windows\System32\OpenSSH\;C:\Program Files\Java\jdk1.8.0_191\bin;C:\Program Files\Java\jdk1.8.0_191\jre\bin;C:\Program Files\dotnet\;C:\Program Files\NVIDIA GPU Computing Toolkit\CUDA\v10.0\extras\CUPTI\libx64;C:\Program Files\NVIDIA GPU Computing Toolkit\CUDA\v10.0\cudnn\bin;C:\Program Files (x86)\NVIDIA Corporation\PhysX\Common;D:\1-NodeJS\NodeJSInstall\;D:\1-XAMPP\XAMPP\mysql\bin;C:\Users\Summerki\AppData\Local\Microsoft\WindowsApps;;D:\1-VSCode\Microsoft VS Code\bin;C:\Users\Summerki\AppData\Roaming\npm;."/>
    <property name="java.vm.info" value="mixed mode"/>
    <property name="java.vendor" value="Oracle Corporation"/>
    <property name="java.vm.version" value="25.191-b12"/>
    <property name="java.ext.dirs" value="C:\Program Files\Java\jdk1.8.0_191\jre\lib\ext;C:\Windows\Sun\Java\lib\ext"/>
    <property name="sun.io.unicode.encoding" value="UnicodeLittle"/>
    <property name="maven.repo.local" value="D:\1-maven_reposi"/>
    <property name="java.class.version" value="52.0"/>
  </properties>
  <testcase name="contextLoads" classname="com.siki.springboot.SpringBoot02HelloworldQuickApplicationTests" time="0.107"/>
</testsuite>